<?xml version="1.0" encoding="UTF-8"?>
<testng-results skipped="0" failed="0" ignored="0" total="1" passed="1">
  <reporter-output>
  </reporter-output>
  <suite name="Default suite" duration-ms="13290" started-at="2019-07-07T22:51:45Z" finished-at="2019-07-07T22:51:59Z">
    <groups>
    </groups>
    <test name="Default test" duration-ms="13290" started-at="2019-07-07T22:51:45Z" finished-at="2019-07-07T22:51:59Z">
      <class name="com.qtpselenium.core.ddf.base2.Browser">
        <test-method status="PASS" signature="openBrowser()[pri:0, instance:com.qtpselenium.core.ddf.base2.Browser@91161c7]" name="openBrowser" duration-ms="13252" started-at="2019-07-07T22:51:46Z" finished-at="2019-07-07T22:51:59Z">
          <reporter-output>
          </reporter-output>
        </test-method> <!-- openBrowser -->
      </class> <!-- com.qtpselenium.core.ddf.base2.Browser -->
    </test> <!-- Default test -->
  </suite> <!-- Default suite -->
</testng-results>
